[0m15:29:27.449112 [debug] [MainThread]: Sending event: {'category': 'dbt', 'action': 'invocation', 'label': 'start', 'context': [<snowplow_tracker.self_describing_json.SelfDescribingJson object at 0x7f5142b89970>, <snowplow_tracker.self_describing_json.SelfDescribingJson object at 0x7f5140f5d550>, <snowplow_tracker.self_describing_json.SelfDescribingJson object at 0x7f51416f00b0>]}


============================== 15:29:27.451638 | 32b82cba-be07-4329-a9b0-77b37e9344a5 ==============================
[0m15:29:27.451638 [info ] [MainThread]: Running with dbt=1.9.4
[0m15:29:27.451999 [debug] [MainThread]: running dbt with arguments {'printer_width': '80', 'indirect_selection': 'eager', 'log_cache_events': 'False', 'write_json': 'True', 'partial_parse': 'True', 'cache_selected_only': 'False', 'profiles_dir': '/home/stitch/.dbt', 'debug': 'False', 'version_check': 'True', 'log_path': 'logs', 'warn_error': 'None', 'fail_fast': 'False', 'use_colors': 'True', 'use_experimental_parser': 'False', 'empty': 'None', 'quiet': 'False', 'no_print': 'None', 'log_format': 'default', 'invocation_command': 'dbt init altera-data-platform', 'warn_error_options': 'WarnErrorOptions(include=[], exclude=[])', 'introspect': 'True', 'target_path': 'None', 'static_parser': 'True', 'send_anonymous_usage_stats': 'True'}
[0m15:29:27.464059 [warn ] [MainThread]: [ConfigFolderDirectory]: Unable to parse logging event dictionary. Failed to parse dir field: expected string or bytes-like object, got 'PosixPath'.. Dictionary: {'dir': PosixPath('/home/stitch/.dbt')}
[0m15:29:27.464354 [info ] [MainThread]: Creating dbt configuration folder at 
[0m15:29:51.388302 [debug] [MainThread]: Starter project path: /home/stitch/engineering-demo/venv/lib/python3.12/site-packages/dbt/include/starter_project
[0m15:29:51.397089 [info ] [MainThread]: 
Your new dbt project "altera_data_platform" was created!

For more information on how to configure the profiles.yml file,
please consult the dbt documentation here:

  https://docs.getdbt.com/docs/configure-your-profile

One more thing:

Need help? Don't hesitate to reach out to us via GitHub issues or on Slack:

  https://community.getdbt.com/

Happy modeling!

[0m15:29:51.397608 [info ] [MainThread]: Setting up your profile.
[0m15:31:11.473002 [info ] [MainThread]: Profile altera_data_platform written to /home/stitch/.dbt/profiles.yml using target's profile_template.yml and your supplied values. Run 'dbt debug' to validate the connection.
[0m15:31:11.475228 [debug] [MainThread]: Resource report: {"command_name": "init", "command_success": true, "command_wall_clock_time": 95.68724, "process_in_blocks": "63736", "process_kernel_time": 0.097288, "process_mem_max_rss": "98192", "process_out_blocks": "88", "process_user_time": 0.816044}
[0m15:31:11.475558 [debug] [MainThread]: Command `dbt init` succeeded at 15:31:11.475485 after 95.69 seconds
[0m15:31:11.475801 [debug] [MainThread]: Sending event: {'category': 'dbt', 'action': 'invocation', 'label': 'end', 'context': [<snowplow_tracker.self_describing_json.SelfDescribingJson object at 0x7f51413857f0>, <snowplow_tracker.self_describing_json.SelfDescribingJson object at 0x7f5140b11970>, <snowplow_tracker.self_describing_json.SelfDescribingJson object at 0x7f51410377a0>]}
[0m15:31:11.476052 [debug] [MainThread]: Flushing usage events
[0m15:31:11.665005 [debug] [MainThread]: An error was encountered while trying to flush usage events
